[debug] [2025-12-26T11:16:56.670Z] ----------------------------------------------------------------------
[debug] [2025-12-26T11:16:56.685Z] Command:       C:\Program Files\nodejs\node.exe C:\Users\Hp\AppData\Roaming\npm\node_modules\firebase-tools\lib\bin\firebase.js init hosting
[debug] [2025-12-26T11:16:56.685Z] CLI Version:   15.1.0
[debug] [2025-12-26T11:16:56.685Z] Platform:      win32
[debug] [2025-12-26T11:16:56.686Z] Node Version:  v20.16.0
[debug] [2025-12-26T11:16:56.686Z] Time:          Fri Dec 26 2025 16:16:56 GMT+0500 (Uzbekistan Standard Time)
[debug] [2025-12-26T11:16:56.686Z] ----------------------------------------------------------------------
[debug] 
[info] 
     ######## #### ########  ######## ########     ###     ######  ########
     ##        ##  ##     ## ##       ##     ##  ##   ##  ##       ##
     ######    ##  ########  ######   ########  #########  ######  ######
     ##        ##  ##    ##  ##       ##     ## ##     ##       ## ##
     ##       #### ##     ## ######## ########  ##     ##  ######  ########

You're about to initialize a Firebase project in this directory:

  C:\Users\Hp\Desktop\FIRST PROJECT\hakaton\hakaton

Before we get started, keep in mind:

  * You are initializing within an existing Firebase project directory

[debug] [2025-12-26T16:27:14.540Z] ExitPromptError: User force closed the prompt with SIGINT
    at Interface.sigint (C:\Users\Hp\AppData\Roaming\npm\node_modules\firebase-tools\node_modules\@inquirer\core\dist\commonjs\lib\create-prompt.js:101:37)
    at Interface.emit (node:events:519:28)
    at [_ttyWrite] [as _ttyWrite] (node:internal/readline/interface:1126:18)
    at ReadStream.onkeypress (node:internal/readline/interface:265:20)
    at ReadStream.emit (node:events:531:35)
    at emitKeys (node:internal/readline/utils:371:14)
    at emitKeys.next (<anonymous>)
    at ReadStream.onData (node:internal/readline/emitKeypressEvents:64:36)
    at ReadStream.emit (node:events:519:28)
    at addChunk (node:internal/streams/readable:559:12)
[error] 
[error] Error: An unexpected error has occurred.
